android/app/build/intermediates/manifest_merge_blame_file/release/manifest-merger-blame-release-report.txt
1<?xml version="1.0" encoding="utf-8"?>
2<manifest xmlns:android="http://schemas.android.com/apk/res/android"
3    package="com.hng.howtodo"
4    android:versionCode="4194305"
5    android:versionName="1.0" >
6
7    <uses-sdk
8        android:minSdkVersion="16"
8-->src/main/AndroidManifest.xml
9        android:targetSdkVersion="28" />
9-->src/main/AndroidManifest.xml
10
11    <uses-permission android:name="android.permission.WRITE_EXTERNAL_STORAGE" />
11-->src/main/AndroidManifest.xml:4:5-81
11-->src/main/AndroidManifest.xml:4:22-78
12    <uses-permission android:name="android.permission.CAMERA" />
12-->src/main/AndroidManifest.xml:5:5-65
12-->src/main/AndroidManifest.xml:5:22-62
13
14    <application
14-->src/main/AndroidManifest.xml:7:5-26:19
15        android:name="com.hng.howtodo.MainApplication"
15-->src/main/AndroidManifest.xml:8:7-38
16        android:allowBackup="false"
16-->src/main/AndroidManifest.xml:12:7-34
17        android:appComponentFactory="androidx.core.app.CoreComponentFactory"
17-->[androidx.core:core:1.1.0] AndroidManifest.xml:24:18-86
18        android:icon="@mipmap/ic_launcher"
18-->src/main/AndroidManifest.xml:10:7-41
19        android:label="@string/app_name"
19-->src/main/AndroidManifest.xml:9:7-39
20        android:roundIcon="@mipmap/ic_launcher_round"
20-->src/main/AndroidManifest.xml:11:7-52
21        android:theme="@style/AppTheme" >
21-->src/main/AndroidManifest.xml:13:7-38
22        <activity
22-->src/main/AndroidManifest.xml:14:7-24:18
23            android:name="com.hng.howtodo.MainActivity"
23-->src/main/AndroidManifest.xml:15:9-37
24            android:configChanges="keyboard|keyboardHidden|orientation|screenSize|uiMode"
24-->src/main/AndroidManifest.xml:17:9-86
25            android:label="@string/app_name"
25-->src/main/AndroidManifest.xml:16:9-41
26            android:launchMode="singleTask"
26-->src/main/AndroidManifest.xml:18:9-40
27            android:windowSoftInputMode="adjustResize" >
27-->src/main/AndroidManifest.xml:19:9-51
28            <intent-filter>
28-->src/main/AndroidManifest.xml:20:9-23:25
29                <action android:name="android.intent.action.MAIN" />
29-->src/main/AndroidManifest.xml:21:13-65
29-->src/main/AndroidManifest.xml:21:21-62
30
31                <category android:name="android.intent.category.LAUNCHER" />
31-->src/main/AndroidManifest.xml:22:13-73
31-->src/main/AndroidManifest.xml:22:23-70
32            </intent-filter>
33        </activity>
34        <activity android:name="com.facebook.react.devsupport.DevSettingsActivity" />
34-->src/main/AndroidManifest.xml:25:7-84
34-->src/main/AndroidManifest.xml:25:17-81
35
36        <provider
36-->[:react-native-image-picker] AndroidManifest.xml:10:9-18:20
37            android:name="com.imagepicker.FileProvider"
37-->[:react-native-image-picker] AndroidManifest.xml:11:13-56
38            android:authorities="com.hng.howtodo.provider"
38-->[:react-native-image-picker] AndroidManifest.xml:12:13-60
39            android:exported="false"
39-->[:react-native-image-picker] AndroidManifest.xml:13:13-37
40            android:grantUriPermissions="true" >
40-->[:react-native-image-picker] AndroidManifest.xml:14:13-47
41            <meta-data
41-->[:react-native-image-picker] AndroidManifest.xml:15:13-17:58
42                android:name="android.support.FILE_PROVIDER_PATHS"
42-->[:react-native-image-picker] AndroidManifest.xml:16:17-67
43                android:resource="@xml/provider_paths" />
43-->[:react-native-image-picker] AndroidManifest.xml:17:17-55
44        </provider>
45    </application>
46
47</manifest>